[1205/151553.330:WARNING:policy_logger.cc(148)] :components\enterprise\browser\controller\chrome_browser_cloud_management_controller.cc(88) Could not create policy manager as CBCM is not enabled.
[1205/151554.197:WARNING:dxgi_swap_chain_image_backing.cc(208)] First draw to surface should draw to everything
[1205/151554.826:ERROR:cert_verify_proc_builtin.cc(701)] CertVerifyProcBuiltin for 127.0.0.1 failed:
----- Certificate i=0 (CN=kubernetes.docker.internal) -----
ERROR: No matching issuer found


[1205/151554.828:ERROR:ssl_client_socket_impl.cc(968)] handshake failed; returned -1, SSL error code 1, net_error -202
[1205/151554.958:ERROR:ssl_client_socket_impl.cc(968)] handshake failed; returned -1, SSL error code 1, net_error -202
[1205/151554.959:ERROR:ssl_client_socket_impl.cc(968)] handshake failed; returned -1, SSL error code 1, net_error -202
[1205/151554.963:ERROR:ssl_client_socket_impl.cc(968)] handshake failed; returned -1, SSL error code 1, net_error -202
[1205/151554.969:ERROR:ssl_client_socket_impl.cc(968)] handshake failed; returned -1, SSL error code 1, net_error -202
[1205/151554.972:ERROR:ssl_client_socket_impl.cc(968)] handshake failed; returned -1, SSL error code 1, net_error -202
[1205/151554.977:ERROR:ssl_client_socket_impl.cc(968)] handshake failed; returned -1, SSL error code 1, net_error -202
[1205/151554.980:ERROR:ssl_client_socket_impl.cc(968)] handshake failed; returned -1, SSL error code 1, net_error -202
[1205/151554.987:ERROR:ssl_client_socket_impl.cc(968)] handshake failed; returned -1, SSL error code 1, net_error -202
[1205/151554.991:ERROR:ssl_client_socket_impl.cc(968)] handshake failed; returned -1, SSL error code 1, net_error -202
[1205/151554.994:ERROR:ssl_client_socket_impl.cc(968)] handshake failed; returned -1, SSL error code 1, net_error -202
[1205/151554.998:ERROR:ssl_client_socket_impl.cc(968)] handshake failed; returned -1, SSL error code 1, net_error -202
[1205/151555.004:ERROR:ssl_client_socket_impl.cc(968)] handshake failed; returned -1, SSL error code 1, net_error -202
[1205/151555.008:ERROR:ssl_client_socket_impl.cc(968)] handshake failed; returned -1, SSL error code 1, net_error -202
[1205/151555.011:ERROR:ssl_client_socket_impl.cc(968)] handshake failed; returned -1, SSL error code 1, net_error -202
[1205/151555.014:ERROR:ssl_client_socket_impl.cc(968)] handshake failed; returned -1, SSL error code 1, net_error -202
[1205/151555.021:ERROR:ssl_client_socket_impl.cc(968)] handshake failed; returned -1, SSL error code 1, net_error -202
[1205/151555.842:ERROR:ssl_client_socket_impl.cc(968)] handshake failed; returned -1, SSL error code 1, net_error -202
[1205/151604.618:WARNING:dxgi_swap_chain_image_backing.cc(208)] First draw to surface should draw to everything
[1205/151604.653:ERROR:ssl_client_socket_impl.cc(968)] handshake failed; returned -1, SSL error code 1, net_error -202
[1205/151604.668:ERROR:ssl_client_socket_impl.cc(968)] handshake failed; returned -1, SSL error code 1, net_error -202
[1205/151604.669:ERROR:ssl_client_socket_impl.cc(968)] handshake failed; returned -1, SSL error code 1, net_error -202
[1205/151604.676:ERROR:ssl_client_socket_impl.cc(968)] handshake failed; returned -1, SSL error code 1, net_error -202
[1205/151604.682:ERROR:ssl_client_socket_impl.cc(968)] handshake failed; returned -1, SSL error code 1, net_error -202
[1205/151604.687:ERROR:ssl_client_socket_impl.cc(968)] handshake failed; returned -1, SSL error code 1, net_error -202
[1205/151604.691:ERROR:ssl_client_socket_impl.cc(968)] handshake failed; returned -1, SSL error code 1, net_error -202
[1205/151604.694:ERROR:ssl_client_socket_impl.cc(968)] handshake failed; returned -1, SSL error code 1, net_error -202
[1205/151604.700:ERROR:ssl_client_socket_impl.cc(968)] handshake failed; returned -1, SSL error code 1, net_error -202
[1205/151604.703:ERROR:ssl_client_socket_impl.cc(968)] handshake failed; returned -1, SSL error code 1, net_error -202
[1205/151604.707:ERROR:ssl_client_socket_impl.cc(968)] handshake failed; returned -1, SSL error code 1, net_error -202
[1205/151604.710:ERROR:ssl_client_socket_impl.cc(968)] handshake failed; returned -1, SSL error code 1, net_error -202
[1205/151604.716:ERROR:ssl_client_socket_impl.cc(968)] handshake failed; returned -1, SSL error code 1, net_error -202
[1205/151604.720:ERROR:ssl_client_socket_impl.cc(968)] handshake failed; returned -1, SSL error code 1, net_error -202
[1205/151604.723:ERROR:ssl_client_socket_impl.cc(968)] handshake failed; returned -1, SSL error code 1, net_error -202
[1205/151604.727:ERROR:ssl_client_socket_impl.cc(968)] handshake failed; returned -1, SSL error code 1, net_error -202
[1205/151604.732:ERROR:ssl_client_socket_impl.cc(968)] handshake failed; returned -1, SSL error code 1, net_error -202
[1205/151604.941:ERROR:ssl_client_socket_impl.cc(968)] handshake failed; returned -1, SSL error code 1, net_error -202
[1205/163448.767:WARNING:dxgi_swap_chain_image_backing.cc(208)] First draw to surface should draw to everything
[1205/163448.844:ERROR:cert_verify_proc_builtin.cc(701)] CertVerifyProcBuiltin for 127.0.0.1 failed:
----- Certificate i=0 (CN=kubernetes.docker.internal) -----
ERROR: No matching issuer found


[1205/163448.844:ERROR:ssl_client_socket_impl.cc(968)] handshake failed; returned -1, SSL error code 1, net_error -202
[1205/163448.857:ERROR:ssl_client_socket_impl.cc(968)] handshake failed; returned -1, SSL error code 1, net_error -202
[1205/163448.858:ERROR:ssl_client_socket_impl.cc(968)] handshake failed; returned -1, SSL error code 1, net_error -202
[1205/163448.863:ERROR:ssl_client_socket_impl.cc(968)] handshake failed; returned -1, SSL error code 1, net_error -202
[1205/163448.867:ERROR:ssl_client_socket_impl.cc(968)] handshake failed; returned -1, SSL error code 1, net_error -202
[1205/163448.872:ERROR:ssl_client_socket_impl.cc(968)] handshake failed; returned -1, SSL error code 1, net_error -202
[1205/163448.876:ERROR:ssl_client_socket_impl.cc(968)] handshake failed; returned -1, SSL error code 1, net_error -202
[1205/163448.879:ERROR:ssl_client_socket_impl.cc(968)] handshake failed; returned -1, SSL error code 1, net_error -202
[1205/163448.883:ERROR:ssl_client_socket_impl.cc(968)] handshake failed; returned -1, SSL error code 1, net_error -202
[1205/163448.889:ERROR:ssl_client_socket_impl.cc(968)] handshake failed; returned -1, SSL error code 1, net_error -202
[1205/163448.892:ERROR:ssl_client_socket_impl.cc(968)] handshake failed; returned -1, SSL error code 1, net_error -202
[1205/163448.896:ERROR:ssl_client_socket_impl.cc(968)] handshake failed; returned -1, SSL error code 1, net_error -202
[1205/163448.900:ERROR:ssl_client_socket_impl.cc(968)] handshake failed; returned -1, SSL error code 1, net_error -202
[1205/163448.906:ERROR:ssl_client_socket_impl.cc(968)] handshake failed; returned -1, SSL error code 1, net_error -202
[1205/163448.909:ERROR:ssl_client_socket_impl.cc(968)] handshake failed; returned -1, SSL error code 1, net_error -202
[1205/163448.914:ERROR:ssl_client_socket_impl.cc(968)] handshake failed; returned -1, SSL error code 1, net_error -202
[1205/163448.917:ERROR:ssl_client_socket_impl.cc(968)] handshake failed; returned -1, SSL error code 1, net_error -202
[1205/163449.124:ERROR:ssl_client_socket_impl.cc(968)] handshake failed; returned -1, SSL error code 1, net_error -202
[1205/163457.257:ERROR:ssl_client_socket_impl.cc(968)] handshake failed; returned -1, SSL error code 1, net_error -202
[1205/163457.261:ERROR:ssl_client_socket_impl.cc(968)] handshake failed; returned -1, SSL error code 1, net_error -202
