Build started 2023-12-17 10:17:09 PM.
Logging verbosity is set to: Normal.     1>Project "C:\Work\Engine\Next2024\Source\Project3\Project3.vcxproj" on node 4 (Build target(s)).
     1>PrepareForBuild:
         Creating directory "..\..\Build\bin\Debug\windows\Project3\".
         Creating directory "..\..\Build\obj\Debug\windows\Project3\Project3.tlog\".
       InitializeBuildStatus:
         Creating "..\..\Build\obj\Debug\windows\Project3\Project3.tlog\unsuccessfulbuild" because "AlwaysCreate" was specified.
       ClCompile:
         C:\Program Files (x86)\Microsoft Visual Studio\2019\BuildTools\VC\Tools\MSVC\14.29.30133\bin\HostX64\x64\CL.exe /c /I..\Engine\BehemothCore /I.. /ZI /JMC /nologo /W3 /WX- /diagnostics:column /Od /D DEBUG /D _UNICODE /D UNICODE /Gm- /EHsc /RTC1 /MDd /GS /fp:fast /Zc:wchar_t /Zc:forScope /Zc:inline /std:c++20 /Fo"..\..\Build\obj\Debug\windows\Project3\\" /Fd"..\..\Build\bin\Debug\windows\Project3\Project3.pdb" /external:W3 /Gd /TP /FC /errorReport:prompt src\game.cpp
         game.cpp
     1>C:\Work\Engine\Next2024\Source\NextAPI\App\AppSettings.h(60,1): warning C4005: 'PI': macro redefinition
       C:\Work\Engine\Next2024\Source\Engine\BehemothCore\Math\MathCore.h(10): message : see previous definition of 'PI'
       Lib:
         C:\Program Files (x86)\Microsoft Visual Studio\2019\BuildTools\VC\Tools\MSVC\14.29.30133\bin\HostX64\x64\Lib.exe /OUT:"..\..\Build\bin\Debug\windows\Project3\Project3.lib" /LIBPATH:Build\Debug /NOLOGO /MACHINE:X64 ..\..\Build\obj\Debug\windows\Project3\game.obj
         Project3.vcxproj -> C:\Work\Engine\Next2024\Build\bin\Debug\windows\Project3\Project3.lib
       FinalizeBuildStatus:
         Deleting file "..\..\Build\obj\Debug\windows\Project3\Project3.tlog\unsuccessfulbuild".
         Touching "..\..\Build\obj\Debug\windows\Project3\Project3.tlog\Project3.lastbuildstate".
     1>Done Building Project "C:\Work\Engine\Next2024\Source\Project3\Project3.vcxproj" (Build target(s)).

Build succeeded.

       "C:\Work\Engine\Next2024\Source\Project3\Project3.vcxproj" (Build target) (1) ->
       (ClCompile target) -> 
         C:\Work\Engine\Next2024\Source\NextAPI\App\AppSettings.h(60,1): warning C4005: 'PI': macro redefinition

    1 Warning(s)
    0 Error(s)

Time Elapsed 00:00:01.06
