Build started 2023-12-12 12:08:31 PM.
Logging verbosity is set to: Normal.     1>Project "C:\Work\Engine\Next2024\Source\EntryPoint\NextEntry.vcxproj" on node 2 (Build target(s)).
     1>InitializeBuildStatus:
         Creating "..\..\Build\obj\Release\windows\NextEntry\NextEntry.tlog\unsuccessfulbuild" because "AlwaysCreate" was specified.
       ClCompile:
         All outputs are up-to-date.
       Link:
         C:\Program Files (x86)\Microsoft Visual Studio\2019\BuildTools\VC\Tools\MSVC\14.29.30133\bin\HostX64\x64\link.exe /ERRORREPORT:PROMPT /OUT:"..\..\Build\bin\Release\windows\NextEntry\NextEntry.exe" /INCREMENTAL:NO /NOLOGO /LIBPATH:..\NextAPI\glut\lib\x64 /LIBPATH:..\..\Build\bin\Release\windows\Engine /LIBPATH:..\..\Build\bin\Release\windows\NextAPI /LIBPATH:..\..\Build\bin\Release\windows\Sandbox /LIBPATH:Build\Release freeglut.lib kernel32.lib user32.lib gdi32.lib winspool.lib comdlg32.lib advapi32.lib shell32.lib ole32.lib oleaut32.lib uuid.lib odbc32.lib odbccp32.lib /MANIFEST /MANIFESTUAC:"level='asInvoker' uiAccess='false'" /manifest:embed /DEBUG /PDB:"..\..\Build\bin\Release\windows\NextEntry\NextEntry.pdb" /SUBSYSTEM:WINDOWS /OPT:REF /OPT:ICF /TLBID:1 /DYNAMICBASE /NXCOMPAT /IMPLIB:"..\..\Build\bin\Release\windows\NextEntry\NextEntry.lib" /MACHINE:X64 ..\..\Build\obj\Release\windows\NextEntry\EntryPoint.obj
         C:\Work\Engine\Next2024\Build\bin\Release\windows\NextAPI\NextAPI.lib
         C:\Work\Engine\Next2024\Build\bin\Release\windows\Engine\Engine.lib
         C:\Work\Engine\Next2024\Build\bin\Release\windows\Sandbox\Sandbox.lib
         NextEntry.vcxproj -> C:\Work\Engine\Next2024\Build\bin\Release\windows\NextEntry\NextEntry.exe
       PostBuildEvent:
         IF EXIST "C:\Work\Engine\Next2024\\Source\NextAPI\glut\bin\x64\*.dll"\ (xcopy /Q /E /Y /I "C:\Work\Engine\Next2024\\Source\NextAPI\glut\bin\x64\*.dll" "C:\Work\Engine\Next2024\\Build\bin\Release\windows\NextEntry\" > nul) ELSE (xcopy /Q /Y /I "C:\Work\Engine\Next2024\\Source\NextAPI\glut\bin\x64\*.dll" "C:\Work\Engine\Next2024\\Build\bin\Release\windows\NextEntry\" > nul)
         :VCEnd
       FinalizeBuildStatus:
         Deleting file "..\..\Build\obj\Release\windows\NextEntry\NextEntry.tlog\unsuccessfulbuild".
         Touching "..\..\Build\obj\Release\windows\NextEntry\NextEntry.tlog\NextEntry.lastbuildstate".
     1>Done Building Project "C:\Work\Engine\Next2024\Source\EntryPoint\NextEntry.vcxproj" (Build target(s)).

Build succeeded.
    0 Warning(s)
    0 Error(s)

Time Elapsed 00:00:00.25
