Build started 2023-12-05 2:27:47 PM.
Logging verbosity is set to: Normal.     1>Project "C:\Work\Engine\Next2024\Source\Engine\Engine.vcxproj" on node 2 (Build target(s)).
     1>InitializeBuildStatus:
         Touching "..\..\Build\obj\Dist\windows\Engine\Engine.tlog\unsuccessfulbuild".
       ClCompile:
         C:\Program Files (x86)\Microsoft Visual Studio\2019\BuildTools\VC\Tools\MSVC\14.29.30133\bin\HostX64\x64\CL.exe /c /IBehemothCore /I..\NextAPI\App /I..\..\Assets /nologo /W3 /WX- /diagnostics:column /Ox /Oi /D WORLD_SCALE=100 /D DIST /D _UNICODE /D UNICODE /GF /Gm- /EHsc /MD /GS /Gy /fp:fast /Zc:wchar_t /Zc:forScope /Zc:inline /std:c++20 /Fo"..\..\Build\obj\Dist\windows\Engine\\" /Fd"..\..\Build\bin\Dist\windows\Engine\Engine.pdb" /external:W3 /Gd /TP /FC /errorReport:prompt BehemothCore\Application\GameLoop.cpp BehemothCore\Application\ResourceManager.cpp BehemothCore\ECS\System.cpp BehemothCore\Math\Matrix.cpp BehemothCore\Math\Vector.cpp BehemothCore\Misc\CameraHelper.cpp BehemothCore\Render\Mesh.cpp BehemothCore\Render\MeshLoader.cpp BehemothCore\Render\Primitives.cpp
         GameLoop.cpp
     1>C:\Work\Engine\Next2024\Source\NextAPI\App\AppSettings.h(60,1): warning C4005: 'PI': macro redefinition
       C:\Work\Engine\Next2024\Source\Engine\BehemothCore\Math\MathCore.h(9): message : see previous definition of 'PI'
     1>C:\Work\Engine\Next2024\Source\Engine\BehemothCore\ECS\SparseSet.h(67,1): warning C4267: '=': conversion from 'size_t' to '_Ty', possible loss of data
                 with
                 [
                     _Ty=uint16_t
                 ]
       C:\Work\Engine\Next2024\Source\Engine\BehemothCore\ECS\SparseSet.h(60): message : while compiling class template member function 'void ECS::SparseSet<T>::AddComponent(const ECS::Entity &,const Component &)'
                 with
                 [
                     T=ECS::RotationComponent,
                     Component=ECS::RotationComponent
                 ]
       C:\Work\Engine\Next2024\Source\Engine\BehemothCore\ECS\Registry.h(84): message : see reference to function template instantiation 'void ECS::SparseSet<T>::AddComponent(const ECS::Entity &,const Component &)' being compiled
                 with
                 [
                     T=ECS::RotationComponent,
                     Component=ECS::RotationComponent
                 ]
       C:\Work\Engine\Next2024\Source\Engine\BehemothCore\ECS\ComponentPool.h(30): message : see reference to class template instantiation 'ECS::SparseSet<T>' being compiled
                 with
                 [
                     T=ECS::RotationComponent
                 ]
       C:\Work\Engine\Next2024\Source\Engine\BehemothCore\ECS\Registry.h(80): message : see reference to class template instantiation 'ECS::ComponentPool<T>' being compiled
                 with
                 [
                     T=ECS::RotationComponent
                 ]
       C:\Work\Engine\Next2024\Source\Engine\BehemothCore\Application\GameLoop.cpp(47): message : see reference to function template instantiation 'void ECS::Registry::AddComponent<ECS::RotationComponent,int,float>(ECS::Entity,int &&,float &&)' being compiled
         ResourceManager.cpp
     1>C:\Work\Engine\Next2024\Source\NextAPI\App\AppSettings.h(60,1): warning C4005: 'PI': macro redefinition
       C:\Work\Engine\Next2024\Source\Engine\BehemothCore\Math\MathCore.h(9): message : see previous definition of 'PI'
         System.cpp
     1>C:\Work\Engine\Next2024\Source\NextAPI\App\AppSettings.h(60,1): warning C4005: 'PI': macro redefinition
       C:\Work\Engine\Next2024\Source\Engine\BehemothCore\Math\MathCore.h(9): message : see previous definition of 'PI'
     1>C:\Work\Engine\Next2024\Source\Engine\BehemothCore\ECS\System.cpp(133,3): warning C4267: 'initializing': conversion from 'size_t' to 'int', possible loss of data
     1>C:\Work\Engine\Next2024\Source\Engine\BehemothCore\ECS\System.cpp(153,38): warning C4244: '=': conversion from 'LONG' to 'float', possible loss of data
     1>C:\Work\Engine\Next2024\Source\Engine\BehemothCore\ECS\System.cpp(154,40): warning C4244: '=': conversion from 'LONG' to 'float', possible loss of data
     1>C:\Work\Engine\Next2024\Source\Engine\BehemothCore\ECS\System.cpp(227,3): warning C4267: 'initializing': conversion from 'size_t' to 'int', possible loss of data
     1>C:\Work\Engine\Next2024\Source\Engine\BehemothCore\ECS\SparseSet.h(40,1): warning C4267: 'initializing': conversion from 'size_t' to 'int', possible loss of data
       C:\Work\Engine\Next2024\Source\Engine\BehemothCore\ECS\SparseSet.h(33): message : while compiling class template member function 'void ECS::SparseSet<T>::RemoveComponent(const ECS::Entity &)'
                 with
                 [
                     T=ECS::MovementComponent
                 ]
       C:\Work\Engine\Next2024\Source\Engine\BehemothCore\ECS\System.cpp(229): message : see reference to function template instantiation 'void ECS::SparseSet<T>::RemoveComponent(const ECS::Entity &)' being compiled
                 with
                 [
                     T=ECS::MovementComponent
                 ]
       C:\Work\Engine\Next2024\Source\Engine\BehemothCore\ECS\ComponentPool.h(30): message : see reference to class template instantiation 'ECS::SparseSet<T>' being compiled
                 with
                 [
                     T=ECS::MovementComponent
                 ]
       C:\Work\Engine\Next2024\Source\Engine\BehemothCore\ECS\System.cpp(213): message : see reference to class template instantiation 'ECS::ComponentPool<ECS::MovementComponent>' being compiled
     1>C:\Work\Engine\Next2024\Source\Engine\BehemothCore\ECS\SparseSet.h(85,1): warning C4267: 'argument': conversion from 'size_t' to 'const uint16_t', possible loss of data
       C:\Work\Engine\Next2024\Source\Engine\BehemothCore\ECS\SparseSet.h(73): message : while compiling class template member function 'Component *ECS::SparseSet<Component>::GetComponent(const ECS::Entity &)'
                 with
                 [
                     Component=ECS::RotationComponent
                 ]
       C:\Work\Engine\Next2024\Source\Engine\BehemothCore\ECS\Registry.h(205): message : see reference to function template instantiation 'Component *ECS::SparseSet<Component>::GetComponent(const ECS::Entity &)' being compiled
                 with
                 [
                     Component=ECS::RotationComponent
                 ]
       C:\Work\Engine\Next2024\Source\Engine\BehemothCore\ECS\ComponentPool.h(30): message : see reference to class template instantiation 'ECS::SparseSet<T>' being compiled
                 with
                 [
                     T=ECS::RotationComponent
                 ]
       C:\Work\Engine\Next2024\Source\Engine\BehemothCore\ECS\Registry.h(123): message : see reference to class template instantiation 'ECS::ComponentPool<ECS::RotationComponent>' being compiled
       C:\Work\Engine\Next2024\Source\Engine\BehemothCore\ECS\Registry.h(107): message : see reference to function template instantiation 'std::shared_ptr<ECS::ComponentPool<ECS::RotationComponent>> ECS::Registry::GetComponent<ECS::RotationComponent>(void)' being compiled
       C:\Work\Engine\Next2024\Source\Engine\BehemothCore\ECS\System.cpp(175): message : see reference to function template instantiation 'std::vector<std::tuple<ECS::RotationComponent *,ECS::TransformComponent *,ECS::MeshComponent *>,std::allocator<std::tuple<ECS::RotationComponent *,ECS::TransformComponent *,ECS::MeshComponent *>>> ECS::Registry::Get<ECS::RotationComponent,ECS::TransformComponent,ECS::MeshComponent>(void)' being compiled
         Matrix.cpp
     1>C:\Work\Engine\Next2024\Source\Engine\BehemothCore\Math\Matrix.cpp(83,20): warning C4267: 'initializing': conversion from 'size_t' to 'int', possible loss of data
     1>C:\Work\Engine\Next2024\Source\Engine\BehemothCore\Math\Matrix.cpp(84,20): warning C4267: 'initializing': conversion from 'size_t' to 'int', possible loss of data
     1>C:\Work\Engine\Next2024\Source\Engine\BehemothCore\Math\Matrix.cpp(116,25): warning C4267: 'initializing': conversion from 'size_t' to 'int', possible loss of data
     1>C:\Work\Engine\Next2024\Source\Engine\BehemothCore\Math\Matrix.cpp(116,25): warning C4267: 'initializing': conversion from 'size_t' to 'const int', possible loss of data
     1>C:\Work\Engine\Next2024\Source\Engine\BehemothCore\Math\Matrix.cpp(136,25): warning C4267: 'initializing': conversion from 'size_t' to 'int', possible loss of data
     1>C:\Work\Engine\Next2024\Source\Engine\BehemothCore\Math\Matrix.cpp(136,25): warning C4267: 'initializing': conversion from 'size_t' to 'const int', possible loss of data
     1>C:\Work\Engine\Next2024\Source\Engine\BehemothCore\Math\Matrix.cpp(155,13): warning C4244: 'initializing': conversion from 'double' to 'float', possible loss of data
     1>C:\Program Files (x86)\Microsoft Visual Studio\2019\BuildTools\VC\Tools\MSVC\14.29.30133\include\xutility(4484,24): warning C4244: '=': conversion from 'const _Ty' to 'float', possible loss of data
                 with
                 [
                     _Ty=int
                 ]
       C:\Work\Engine\Next2024\Source\Engine\BehemothCore\Math\Matrix.cpp(45): message : see reference to function template instantiation 'void std::fill<float*,int>(const _FwdIt,const _FwdIt,const _Ty &)' being compiled
                 with
                 [
                     _FwdIt=float *,
                     _Ty=int
                 ]
         Vector.cpp
         CameraHelper.cpp
     1>C:\Work\Engine\Next2024\Source\NextAPI\App\AppSettings.h(60,1): warning C4005: 'PI': macro redefinition
       C:\Work\Engine\Next2024\Source\Engine\BehemothCore\Math\MathCore.h(9): message : see previous definition of 'PI'
         Mesh.cpp
     1>C:\Work\Engine\Next2024\Source\NextAPI\App\AppSettings.h(60,1): warning C4005: 'PI': macro redefinition
       C:\Work\Engine\Next2024\Source\Engine\BehemothCore\Math\MathCore.h(9): message : see previous definition of 'PI'
         MeshLoader.cpp
     1>C:\Work\Engine\Next2024\Source\NextAPI\App\AppSettings.h(60,1): warning C4005: 'PI': macro redefinition
       C:\Work\Engine\Next2024\Source\Engine\BehemothCore\Math\MathCore.h(9): message : see previous definition of 'PI'
         Primitives.cpp
     1>C:\Work\Engine\Next2024\Source\NextAPI\App\AppSettings.h(60,1): warning C4005: 'PI': macro redefinition
       C:\Work\Engine\Next2024\Source\Engine\BehemothCore\Math\MathCore.h(9): message : see previous definition of 'PI'
     1>C:\Work\Engine\Next2024\Source\Engine\BehemothCore\Render\Primitives.cpp(113,13): warning C4244: '=': conversion from 'double' to 'float', possible loss of data
     1>C:\Work\Engine\Next2024\Source\Engine\BehemothCore\Render\Primitives.cpp(114,13): warning C4244: '=': conversion from 'double' to 'float', possible loss of data
     1>C:\Work\Engine\Next2024\Source\Engine\BehemothCore\Render\Primitives.cpp(115,13): warning C4244: '=': conversion from 'double' to 'float', possible loss of data
         Generating Code...
     1>C:\Work\Engine\Next2024\Source\Engine\BehemothCore\ECS\ComponentPool.h(22): warning C4172: returning address of local variable or temporary: data
     1>C:\Work\Engine\Next2024\Source\Engine\BehemothCore\ECS\ComponentPool.h(22): warning C4172: returning address of local variable or temporary: data
       Lib:
         C:\Program Files (x86)\Microsoft Visual Studio\2019\BuildTools\VC\Tools\MSVC\14.29.30133\bin\HostX64\x64\Lib.exe /OUT:"..\..\Build\bin\Dist\windows\Engine\Engine.lib" freeglut.lib /LIBPATH:..\NextAPI\glut\lib\x64 /LIBPATH:..\..\Build\bin\Dist\windows\NextAPI /LIBPATH:Build\Dist /NOLOGO /MACHINE:X64 ..\..\Build\obj\Dist\windows\Engine\GameLoop.obj
         ..\..\Build\obj\Dist\windows\Engine\ResourceManager.obj
         ..\..\Build\obj\Dist\windows\Engine\System.obj
         ..\..\Build\obj\Dist\windows\Engine\Matrix.obj
         ..\..\Build\obj\Dist\windows\Engine\Vector.obj
         ..\..\Build\obj\Dist\windows\Engine\CameraHelper.obj
         ..\..\Build\obj\Dist\windows\Engine\Log.obj
         ..\..\Build\obj\Dist\windows\Engine\Mesh.obj
         ..\..\Build\obj\Dist\windows\Engine\MeshLoader.obj
         ..\..\Build\obj\Dist\windows\Engine\Primitives.obj
         ..\..\Build\obj\Dist\windows\Engine\Scene.obj
         Engine.vcxproj -> C:\Work\Engine\Next2024\Build\bin\Dist\windows\Engine\Engine.lib
       FinalizeBuildStatus:
         Deleting file "..\..\Build\obj\Dist\windows\Engine\Engine.tlog\unsuccessfulbuild".
         Touching "..\..\Build\obj\Dist\windows\Engine\Engine.tlog\Engine.lastbuildstate".
     1>Done Building Project "C:\Work\Engine\Next2024\Source\Engine\Engine.vcxproj" (Build target(s)).

Build succeeded.

       "C:\Work\Engine\Next2024\Source\Engine\Engine.vcxproj" (Build target) (1) ->
       (ClCompile target) -> 
         C:\Work\Engine\Next2024\Source\NextAPI\App\AppSettings.h(60,1): warning C4005: 'PI': macro redefinition
         C:\Work\Engine\Next2024\Source\Engine\BehemothCore\ECS\SparseSet.h(67,1): warning C4267: '=': conversion from 'size_t' to '_Ty', possible loss of data
         C:\Work\Engine\Next2024\Source\NextAPI\App\AppSettings.h(60,1): warning C4005: 'PI': macro redefinition
         C:\Work\Engine\Next2024\Source\NextAPI\App\AppSettings.h(60,1): warning C4005: 'PI': macro redefinition
         C:\Work\Engine\Next2024\Source\Engine\BehemothCore\ECS\System.cpp(133,3): warning C4267: 'initializing': conversion from 'size_t' to 'int', possible loss of data
         C:\Work\Engine\Next2024\Source\Engine\BehemothCore\ECS\System.cpp(153,38): warning C4244: '=': conversion from 'LONG' to 'float', possible loss of data
         C:\Work\Engine\Next2024\Source\Engine\BehemothCore\ECS\System.cpp(154,40): warning C4244: '=': conversion from 'LONG' to 'float', possible loss of data
         C:\Work\Engine\Next2024\Source\Engine\BehemothCore\ECS\System.cpp(227,3): warning C4267: 'initializing': conversion from 'size_t' to 'int', possible loss of data
         C:\Work\Engine\Next2024\Source\Engine\BehemothCore\ECS\SparseSet.h(40,1): warning C4267: 'initializing': conversion from 'size_t' to 'int', possible loss of data
         C:\Work\Engine\Next2024\Source\Engine\BehemothCore\ECS\SparseSet.h(85,1): warning C4267: 'argument': conversion from 'size_t' to 'const uint16_t', possible loss of data
         C:\Work\Engine\Next2024\Source\Engine\BehemothCore\Math\Matrix.cpp(83,20): warning C4267: 'initializing': conversion from 'size_t' to 'int', possible loss of data
         C:\Work\Engine\Next2024\Source\Engine\BehemothCore\Math\Matrix.cpp(84,20): warning C4267: 'initializing': conversion from 'size_t' to 'int', possible loss of data
         C:\Work\Engine\Next2024\Source\Engine\BehemothCore\Math\Matrix.cpp(116,25): warning C4267: 'initializing': conversion from 'size_t' to 'int', possible loss of data
         C:\Work\Engine\Next2024\Source\Engine\BehemothCore\Math\Matrix.cpp(116,25): warning C4267: 'initializing': conversion from 'size_t' to 'const int', possible loss of data
         C:\Work\Engine\Next2024\Source\Engine\BehemothCore\Math\Matrix.cpp(136,25): warning C4267: 'initializing': conversion from 'size_t' to 'int', possible loss of data
         C:\Work\Engine\Next2024\Source\Engine\BehemothCore\Math\Matrix.cpp(136,25): warning C4267: 'initializing': conversion from 'size_t' to 'const int', possible loss of data
         C:\Work\Engine\Next2024\Source\Engine\BehemothCore\Math\Matrix.cpp(155,13): warning C4244: 'initializing': conversion from 'double' to 'float', possible loss of data
         C:\Program Files (x86)\Microsoft Visual Studio\2019\BuildTools\VC\Tools\MSVC\14.29.30133\include\xutility(4484,24): warning C4244: '=': conversion from 'const _Ty' to 'float', possible loss of data
         C:\Work\Engine\Next2024\Source\NextAPI\App\AppSettings.h(60,1): warning C4005: 'PI': macro redefinition
         C:\Work\Engine\Next2024\Source\NextAPI\App\AppSettings.h(60,1): warning C4005: 'PI': macro redefinition
         C:\Work\Engine\Next2024\Source\NextAPI\App\AppSettings.h(60,1): warning C4005: 'PI': macro redefinition
         C:\Work\Engine\Next2024\Source\NextAPI\App\AppSettings.h(60,1): warning C4005: 'PI': macro redefinition
         C:\Work\Engine\Next2024\Source\Engine\BehemothCore\Render\Primitives.cpp(113,13): warning C4244: '=': conversion from 'double' to 'float', possible loss of data
         C:\Work\Engine\Next2024\Source\Engine\BehemothCore\Render\Primitives.cpp(114,13): warning C4244: '=': conversion from 'double' to 'float', possible loss of data
         C:\Work\Engine\Next2024\Source\Engine\BehemothCore\Render\Primitives.cpp(115,13): warning C4244: '=': conversion from 'double' to 'float', possible loss of data
         C:\Work\Engine\Next2024\Source\Engine\BehemothCore\ECS\ComponentPool.h(22): warning C4172: returning address of local variable or temporary: data
         C:\Work\Engine\Next2024\Source\Engine\BehemothCore\ECS\ComponentPool.h(22): warning C4172: returning address of local variable or temporary: data

    27 Warning(s)
    0 Error(s)

Time Elapsed 00:00:06.24
