c:\work\engine\next2024\build\bin\debug\windows\engine\engine.pdb
c:\work\engine\next2024\build\bin\debug\windows\engine\engine.idb
c:\work\engine\next2024\build\obj\debug\windows\engine\primitives.obj
c:\work\engine\next2024\build\obj\debug\windows\engine\vector.obj
c:\work\engine\next2024\build\obj\debug\windows\engine\matrix.obj
c:\work\engine\next2024\build\obj\debug\windows\engine\gameloop.obj
c:\work\engine\next2024\build\obj\debug\windows\engine\log.obj
c:\work\engine\next2024\build\obj\debug\windows\engine\scene.obj
c:\work\engine\next2024\build\obj\debug\windows\engine\meshloader.obj
c:\work\engine\next2024\build\obj\debug\windows\engine\system.obj
c:\work\engine\next2024\build\obj\debug\windows\engine\resourcemanager.obj
c:\work\engine\next2024\build\obj\debug\windows\engine\mesh.obj
c:\work\engine\next2024\build\obj\debug\windows\engine\camerahelper.obj
c:\work\engine\next2024\build\obj\debug\windows\engine\scalingsystem.obj
c:\work\engine\next2024\build\obj\debug\windows\engine\rotationsystem.obj
c:\work\engine\next2024\build\obj\debug\windows\engine\rendersystem.obj
c:\work\engine\next2024\build\obj\debug\windows\engine\movementsystem.obj
c:\work\engine\next2024\build\obj\debug\windows\engine\meshinitsystem.obj
c:\work\engine\next2024\build\obj\debug\windows\engine\camerasystem.obj
c:\work\engine\next2024\build\obj\debug\windows\engine\components.obj
c:\work\engine\next2024\build\obj\debug\windows\engine\plane.obj
c:\work\engine\next2024\build\obj\debug\windows\engine\renderer.obj
c:\work\engine\next2024\build\obj\debug\windows\engine\lightingsystem.obj
c:\work\engine\next2024\build\obj\debug\windows\engine\threadpool.obj
c:\work\engine\next2024\build\obj\debug\windows\engine\testworld.obj
c:\work\engine\next2024\build\bin\debug\windows\engine\engine.lib
c:\work\engine\next2024\build\obj\debug\windows\engine\engine.tlog\cl.command.1.tlog
c:\work\engine\next2024\build\obj\debug\windows\engine\engine.tlog\cl.read.1.tlog
c:\work\engine\next2024\build\obj\debug\windows\engine\engine.tlog\cl.write.1.tlog
c:\work\engine\next2024\build\obj\debug\windows\engine\engine.tlog\lib-link.read.1.tlog
c:\work\engine\next2024\build\obj\debug\windows\engine\engine.tlog\lib-link.write.1.tlog
c:\work\engine\next2024\build\obj\debug\windows\engine\engine.tlog\lib.command.1.tlog
