Build started 2023-12-01 7:36:15 PM.
Logging verbosity is set to: Normal.     1>Project "C:\Work\Engine\Next2024\Source\Engine\Engine.vcxproj" on node 2 (Build target(s)).
     1>InitializeBuildStatus:
         Creating "..\..\Build\obj\Debug\windows\Engine\Engine.tlog\unsuccessfulbuild" because "AlwaysCreate" was specified.
       ClCompile:
         C:\Program Files (x86)\Microsoft Visual Studio\2019\BuildTools\VC\Tools\MSVC\14.29.30133\bin\HostX64\x64\CL.exe /c /IBehemothCore /I..\NextAPI\App /I..\..\Assets /ZI /JMC /nologo /W3 /WX- /diagnostics:column /Od /D WORLD_SCALE=100 /D DEBUG /D _UNICODE /D UNICODE /Gm- /EHsc /RTC1 /MDd /GS /fp:fast /Zc:wchar_t /Zc:forScope /Zc:inline /std:c++20 /Fo"..\..\Build\obj\Debug\windows\Engine\\" /Fd"..\..\Build\bin\Debug\windows\Engine\Engine.pdb" /external:W3 /Gd /TP /FC /errorReport:prompt BehemothCore\Math\Matrix.cpp
         Matrix.cpp
     1>C:\Work\Engine\Next2024\Source\Engine\BehemothCore\Math\Matrix.cpp(83,20): warning C4267: 'initializing': conversion from 'size_t' to 'int', possible loss of data
     1>C:\Work\Engine\Next2024\Source\Engine\BehemothCore\Math\Matrix.cpp(84,20): warning C4267: 'initializing': conversion from 'size_t' to 'int', possible loss of data
     1>C:\Work\Engine\Next2024\Source\Engine\BehemothCore\Math\Matrix.cpp(116,25): warning C4267: 'initializing': conversion from 'size_t' to 'int', possible loss of data
     1>C:\Work\Engine\Next2024\Source\Engine\BehemothCore\Math\Matrix.cpp(116,25): warning C4267: 'initializing': conversion from 'size_t' to 'const int', possible loss of data
     1>C:\Work\Engine\Next2024\Source\Engine\BehemothCore\Math\Matrix.cpp(136,25): warning C4267: 'initializing': conversion from 'size_t' to 'int', possible loss of data
     1>C:\Work\Engine\Next2024\Source\Engine\BehemothCore\Math\Matrix.cpp(136,25): warning C4267: 'initializing': conversion from 'size_t' to 'const int', possible loss of data
     1>C:\Work\Engine\Next2024\Source\Engine\BehemothCore\Math\Matrix.cpp(155,13): warning C4244: 'initializing': conversion from 'double' to 'float', possible loss of data
     1>C:\Program Files (x86)\Microsoft Visual Studio\2019\BuildTools\VC\Tools\MSVC\14.29.30133\include\xutility(4484,24): warning C4244: '=': conversion from 'const _Ty' to 'float', possible loss of data
                 with
                 [
                     _Ty=int
                 ]
       C:\Work\Engine\Next2024\Source\Engine\BehemothCore\Math\Matrix.cpp(45): message : see reference to function template instantiation 'void std::fill<float*,int>(const _FwdIt,const _FwdIt,const _Ty &)' being compiled
                 with
                 [
                     _FwdIt=float *,
                     _Ty=int
                 ]
       Lib:
         C:\Program Files (x86)\Microsoft Visual Studio\2019\BuildTools\VC\Tools\MSVC\14.29.30133\bin\HostX64\x64\Lib.exe /OUT:"..\..\Build\bin\Debug\windows\Engine\Engine.lib" freeglut.lib /LIBPATH:..\NextAPI\glut\lib\x64 /LIBPATH:..\..\Build\bin\Debug\windows\NextAPI /LIBPATH:Build\Debug /NOLOGO /MACHINE:X64 ..\..\Build\obj\Debug\windows\Engine\GameLoop.obj
         ..\..\Build\obj\Debug\windows\Engine\ResourceManager.obj
         ..\..\Build\obj\Debug\windows\Engine\System.obj
         ..\..\Build\obj\Debug\windows\Engine\Matrix.obj
         ..\..\Build\obj\Debug\windows\Engine\Vector.obj
         ..\..\Build\obj\Debug\windows\Engine\CameraHelper.obj
         ..\..\Build\obj\Debug\windows\Engine\Log.obj
         ..\..\Build\obj\Debug\windows\Engine\Mesh.obj
         ..\..\Build\obj\Debug\windows\Engine\MeshLoader.obj
         ..\..\Build\obj\Debug\windows\Engine\Primitives.obj
         ..\..\Build\obj\Debug\windows\Engine\Scene.obj
         Engine.vcxproj -> C:\Work\Engine\Next2024\Build\bin\Debug\windows\Engine\Engine.lib
       FinalizeBuildStatus:
         Deleting file "..\..\Build\obj\Debug\windows\Engine\Engine.tlog\unsuccessfulbuild".
         Touching "..\..\Build\obj\Debug\windows\Engine\Engine.tlog\Engine.lastbuildstate".
     1>Done Building Project "C:\Work\Engine\Next2024\Source\Engine\Engine.vcxproj" (Build target(s)).

Build succeeded.

       "C:\Work\Engine\Next2024\Source\Engine\Engine.vcxproj" (Build target) (1) ->
       (ClCompile target) -> 
         C:\Work\Engine\Next2024\Source\Engine\BehemothCore\Math\Matrix.cpp(83,20): warning C4267: 'initializing': conversion from 'size_t' to 'int', possible loss of data
         C:\Work\Engine\Next2024\Source\Engine\BehemothCore\Math\Matrix.cpp(84,20): warning C4267: 'initializing': conversion from 'size_t' to 'int', possible loss of data
         C:\Work\Engine\Next2024\Source\Engine\BehemothCore\Math\Matrix.cpp(116,25): warning C4267: 'initializing': conversion from 'size_t' to 'int', possible loss of data
         C:\Work\Engine\Next2024\Source\Engine\BehemothCore\Math\Matrix.cpp(116,25): warning C4267: 'initializing': conversion from 'size_t' to 'const int', possible loss of data
         C:\Work\Engine\Next2024\Source\Engine\BehemothCore\Math\Matrix.cpp(136,25): warning C4267: 'initializing': conversion from 'size_t' to 'int', possible loss of data
         C:\Work\Engine\Next2024\Source\Engine\BehemothCore\Math\Matrix.cpp(136,25): warning C4267: 'initializing': conversion from 'size_t' to 'const int', possible loss of data
         C:\Work\Engine\Next2024\Source\Engine\BehemothCore\Math\Matrix.cpp(155,13): warning C4244: 'initializing': conversion from 'double' to 'float', possible loss of data
         C:\Program Files (x86)\Microsoft Visual Studio\2019\BuildTools\VC\Tools\MSVC\14.29.30133\include\xutility(4484,24): warning C4244: '=': conversion from 'const _Ty' to 'float', possible loss of data

    8 Warning(s)
    0 Error(s)

Time Elapsed 00:00:00.83
